[INFO] 2025-07-31 13:15:01.763 [main] LoggerLoad - Check user able to login as admin with invalid email
[INFO] 2025-07-31 13:15:03.558 [main] LoggerLoad - User send POST HTTP request with endpointHTTP/1.1 401 Unauthorized
[INFO] 2025-07-31 13:15:03.576 [main] LoggerLoad - User receives 401 unauthorizedHTTP/1.1 401 Unauthorized
[INFO] 2025-07-31 13:15:03.623 [main] LoggerLoad - Check user able to login as admin with invalid email format
[INFO] 2025-07-31 13:15:04.095 [main] LoggerLoad - User send POST HTTP request with endpointHTTP/1.1 401 Unauthorized
[INFO] 2025-07-31 13:15:04.097 [main] LoggerLoad - User receives 401 unauthorizedHTTP/1.1 401 Unauthorized
[INFO] 2025-07-31 13:15:04.107 [main] LoggerLoad - Check user able to login as admin with invalid Password
[INFO] 2025-07-31 13:15:04.737 [main] LoggerLoad - User send POST HTTP request with endpointHTTP/1.1 401 Unauthorized
[INFO] 2025-07-31 13:15:04.742 [main] LoggerLoad - User receives 401 unauthorizedHTTP/1.1 401 Unauthorized
[INFO] 2025-07-31 13:15:04.755 [main] LoggerLoad - Check user able to login as admin with empty credentials
[INFO] 2025-07-31 13:15:05.049 [main] LoggerLoad - User send POST HTTP request with endpointHTTP/1.1 401 Unauthorized
[INFO] 2025-07-31 13:15:05.051 [main] LoggerLoad - User receives 401 unauthorizedHTTP/1.1 401 Unauthorized
[INFO] 2025-07-31 13:15:05.059 [main] LoggerLoad - Check user able to login as admin with valid data
[INFO] 2025-07-31 13:15:05.426 [main] LoggerLoad - User send POST HTTP request with endpoint as AdminHTTP/1.1 200 OK
[INFO] 2025-07-31 13:16:46.574 [main] LoggerLoad - Check user able to login as admin with invalid email
[INFO] 2025-07-31 13:16:48.281 [main] LoggerLoad - User send POST HTTP request with endpointHTTP/1.1 401 Unauthorized
[INFO] 2025-07-31 13:16:48.304 [main] LoggerLoad - User receives 401 unauthorizedHTTP/1.1 401 Unauthorized
[INFO] 2025-07-31 13:16:48.345 [main] LoggerLoad - Check user able to login as admin with invalid email format
[INFO] 2025-07-31 13:16:48.824 [main] LoggerLoad - User send POST HTTP request with endpointHTTP/1.1 401 Unauthorized
[INFO] 2025-07-31 13:16:48.825 [main] LoggerLoad - User receives 401 unauthorizedHTTP/1.1 401 Unauthorized
[INFO] 2025-07-31 13:16:48.829 [main] LoggerLoad - Check user able to login as admin with invalid Password
[INFO] 2025-07-31 13:16:49.194 [main] LoggerLoad - User send POST HTTP request with endpointHTTP/1.1 401 Unauthorized
[INFO] 2025-07-31 13:16:49.199 [main] LoggerLoad - User receives 401 unauthorizedHTTP/1.1 401 Unauthorized
[INFO] 2025-07-31 13:16:49.211 [main] LoggerLoad - Check user able to login as admin with empty credentials
[INFO] 2025-07-31 13:16:49.507 [main] LoggerLoad - User send POST HTTP request with endpointHTTP/1.1 401 Unauthorized
[INFO] 2025-07-31 13:16:49.508 [main] LoggerLoad - User receives 401 unauthorizedHTTP/1.1 401 Unauthorized
[INFO] 2025-07-31 13:16:49.523 [main] LoggerLoad - Check user able to login as admin with valid data
[INFO] 2025-07-31 13:16:49.867 [main] LoggerLoad - User send POST HTTP request with endpoint as AdminHTTP/1.1 200 OK
[INFO] 2025-07-31 13:21:43.815 [main] LoggerLoad - Check user able to login as admin with invalid email
[INFO] 2025-07-31 13:21:45.783 [main] LoggerLoad - User send POST HTTP request with endpointHTTP/1.1 401 Unauthorized
[INFO] 2025-07-31 13:21:45.805 [main] LoggerLoad - User receives 401 unauthorizedHTTP/1.1 401 Unauthorized
[INFO] 2025-07-31 13:21:45.849 [main] LoggerLoad - Check user able to login as admin with invalid email format
[INFO] 2025-07-31 13:21:46.473 [main] LoggerLoad - User send POST HTTP request with endpointHTTP/1.1 401 Unauthorized
[INFO] 2025-07-31 13:21:46.477 [main] LoggerLoad - User receives 401 unauthorizedHTTP/1.1 401 Unauthorized
[INFO] 2025-07-31 13:21:46.493 [main] LoggerLoad - Check user able to login as admin with invalid Password
[INFO] 2025-07-31 13:21:47.189 [main] LoggerLoad - User send POST HTTP request with endpointHTTP/1.1 401 Unauthorized
[INFO] 2025-07-31 13:21:47.191 [main] LoggerLoad - User receives 401 unauthorizedHTTP/1.1 401 Unauthorized
[INFO] 2025-07-31 13:21:47.198 [main] LoggerLoad - Check user able to login as admin with empty credentials
[INFO] 2025-07-31 13:21:47.706 [main] LoggerLoad - User send POST HTTP request with endpointHTTP/1.1 401 Unauthorized
[INFO] 2025-07-31 13:21:47.709 [main] LoggerLoad - User receives 401 unauthorizedHTTP/1.1 401 Unauthorized
[INFO] 2025-07-31 13:21:47.718 [main] LoggerLoad - Check user able to login as admin with valid data
[INFO] 2025-07-31 13:21:48.418 [main] LoggerLoad - User send POST HTTP request with endpoint as AdminHTTP/1.1 200 OK
[INFO] 2025-07-31 13:23:05.722 [main] LoggerLoad - Check user able to login as admin with invalid email
[INFO] 2025-07-31 13:23:07.499 [main] LoggerLoad - User send POST HTTP request with endpointHTTP/1.1 401 Unauthorized
[INFO] 2025-07-31 13:23:07.529 [main] LoggerLoad - User receives 401 unauthorizedHTTP/1.1 401 Unauthorized
[INFO] 2025-07-31 13:23:07.572 [main] LoggerLoad - Check user able to login as admin with invalid email format
[INFO] 2025-07-31 13:23:08.189 [main] LoggerLoad - User send POST HTTP request with endpointHTTP/1.1 401 Unauthorized
[INFO] 2025-07-31 13:23:08.192 [main] LoggerLoad - User receives 401 unauthorizedHTTP/1.1 401 Unauthorized
[INFO] 2025-07-31 13:23:08.207 [main] LoggerLoad - Check user able to login as admin with invalid Password
[INFO] 2025-07-31 13:23:08.804 [main] LoggerLoad - User send POST HTTP request with endpointHTTP/1.1 401 Unauthorized
[INFO] 2025-07-31 13:23:08.805 [main] LoggerLoad - User receives 401 unauthorizedHTTP/1.1 401 Unauthorized
[INFO] 2025-07-31 13:23:08.814 [main] LoggerLoad - Check user able to login as admin with empty credentials
[INFO] 2025-07-31 13:23:09.316 [main] LoggerLoad - User send POST HTTP request with endpointHTTP/1.1 401 Unauthorized
[INFO] 2025-07-31 13:23:09.319 [main] LoggerLoad - User receives 401 unauthorizedHTTP/1.1 401 Unauthorized
[INFO] 2025-07-31 13:23:09.328 [main] LoggerLoad - Check user able to login as admin with valid data
[INFO] 2025-07-31 13:23:09.731 [main] LoggerLoad - User send POST HTTP request with endpoint as AdminHTTP/1.1 200 OK
[INFO] 2025-07-31 13:23:10.099 [main] LoggerLoad - User receives 200 authorizedHTTP/1.1 200 OK
[INFO] 2025-07-31 13:27:15.590 [main] LoggerLoad - Check user able to login as admin with invalid email
[INFO] 2025-07-31 13:27:17.172 [main] LoggerLoad - User send POST HTTP request with endpointHTTP/1.1 401 Unauthorized
[INFO] 2025-07-31 13:27:17.192 [main] LoggerLoad - User receives 401 unauthorizedHTTP/1.1 401 Unauthorized
[INFO] 2025-07-31 13:27:17.235 [main] LoggerLoad - Check user able to login as admin with invalid email format
[INFO] 2025-07-31 13:27:17.748 [main] LoggerLoad - User send POST HTTP request with endpointHTTP/1.1 401 Unauthorized
[INFO] 2025-07-31 13:27:17.751 [main] LoggerLoad - User receives 401 unauthorizedHTTP/1.1 401 Unauthorized
[INFO] 2025-07-31 13:27:17.757 [main] LoggerLoad - Check user able to login as admin with invalid Password
[INFO] 2025-07-31 13:27:18.355 [main] LoggerLoad - User send POST HTTP request with endpointHTTP/1.1 401 Unauthorized
[INFO] 2025-07-31 13:27:18.358 [main] LoggerLoad - User receives 401 unauthorizedHTTP/1.1 401 Unauthorized
[INFO] 2025-07-31 13:27:18.366 [main] LoggerLoad - Check user able to login as admin with empty credentials
[INFO] 2025-07-31 13:27:18.867 [main] LoggerLoad - User send POST HTTP request with endpointHTTP/1.1 401 Unauthorized
[INFO] 2025-07-31 13:27:18.869 [main] LoggerLoad - User receives 401 unauthorizedHTTP/1.1 401 Unauthorized
[INFO] 2025-07-31 13:27:18.875 [main] LoggerLoad - Check user able to login as admin with valid data
[INFO] 2025-07-31 13:27:19.480 [main] LoggerLoad - User send POST HTTP request with endpoint as AdminHTTP/1.1 200 OK
[INFO] 2025-07-31 13:27:19.845 [main] LoggerLoad - User receives 200 authorizedHTTP/1.1 200 OK
[INFO] 2025-07-31 13:29:24.370 [main] LoggerLoad - Check user able to login as admin with invalid email
[INFO] 2025-07-31 13:29:26.147 [main] LoggerLoad - User send POST HTTP request with endpointHTTP/1.1 401 Unauthorized
[INFO] 2025-07-31 13:29:26.179 [main] LoggerLoad - User receives 401 unauthorizedHTTP/1.1 401 Unauthorized
[INFO] 2025-07-31 13:29:26.225 [main] LoggerLoad - Check user able to login as admin with invalid email format
[INFO] 2025-07-31 13:29:26.868 [main] LoggerLoad - User send POST HTTP request with endpointHTTP/1.1 401 Unauthorized
[INFO] 2025-07-31 13:29:26.872 [main] LoggerLoad - User receives 401 unauthorizedHTTP/1.1 401 Unauthorized
[INFO] 2025-07-31 13:29:26.892 [main] LoggerLoad - Check user able to login as admin with invalid Password
[INFO] 2025-07-31 13:29:27.582 [main] LoggerLoad - User send POST HTTP request with endpointHTTP/1.1 401 Unauthorized
[INFO] 2025-07-31 13:29:27.585 [main] LoggerLoad - User receives 401 unauthorizedHTTP/1.1 401 Unauthorized
[INFO] 2025-07-31 13:29:27.595 [main] LoggerLoad - Check user able to login as admin with empty credentials
[INFO] 2025-07-31 13:29:27.993 [main] LoggerLoad - User send POST HTTP request with endpointHTTP/1.1 401 Unauthorized
[INFO] 2025-07-31 13:29:27.996 [main] LoggerLoad - User receives 401 unauthorizedHTTP/1.1 401 Unauthorized
[INFO] 2025-07-31 13:29:28.011 [main] LoggerLoad - Check user able to login as admin with valid data
[INFO] 2025-07-31 13:29:28.404 [main] LoggerLoad - User send POST HTTP request with endpoint as AdminHTTP/1.1 200 OK
[INFO] 2025-07-31 13:29:28.829 [main] LoggerLoad - Response body:{
    "token": "eyJhbGciOiJIUzUxMiJ9.eyJzdWIiOiJUZWFtNDAxQGdtYWlsLmNvbSIsImlhdCI6MTc1Mzk4NjU2OCwiZXhwIjoxNzU0MDE1MzY4fQ.cVQazvSutwdwMlfx4hvD_QFt_-TWIN9vVsTj900oWlnfCbwVvQ_63zIsxD-_jgLMnSSoGDJhD-KnYjaIh9trdA",
    "type": "Bearer ",
    "userId": 12,
    "loginUserEmail": "Team401@gmail.com",
    "roles": [
        "ROLE_ADMIN"
    ]
}
[INFO] 2025-07-31 13:57:42.087 [main] LoggerLoad - Check user able to login as admin with invalid email
[INFO] 2025-07-31 13:57:43.882 [main] LoggerLoad - User send POST HTTP request with endpointHTTP/1.1 401 Unauthorized
[INFO] 2025-07-31 13:57:43.902 [main] LoggerLoad - User receives 401 unauthorizedHTTP/1.1 401 Unauthorized
[INFO] 2025-07-31 13:57:43.968 [main] LoggerLoad - Check user able to login as admin with invalid email format
[INFO] 2025-07-31 13:57:44.573 [main] LoggerLoad - User send POST HTTP request with endpointHTTP/1.1 401 Unauthorized
[INFO] 2025-07-31 13:57:44.578 [main] LoggerLoad - User receives 401 unauthorizedHTTP/1.1 401 Unauthorized
[INFO] 2025-07-31 13:57:44.588 [main] LoggerLoad - Check user able to login as admin with invalid Password
[INFO] 2025-07-31 13:57:45.182 [main] LoggerLoad - User send POST HTTP request with endpointHTTP/1.1 401 Unauthorized
[INFO] 2025-07-31 13:57:45.184 [main] LoggerLoad - User receives 401 unauthorizedHTTP/1.1 401 Unauthorized
[INFO] 2025-07-31 13:57:45.191 [main] LoggerLoad - Check user able to login as admin with empty credentials
[INFO] 2025-07-31 13:57:45.693 [main] LoggerLoad - User send POST HTTP request with endpointHTTP/1.1 401 Unauthorized
[INFO] 2025-07-31 13:57:45.695 [main] LoggerLoad - User receives 401 unauthorizedHTTP/1.1 401 Unauthorized
[INFO] 2025-07-31 13:57:45.711 [main] LoggerLoad - Check user able to login as admin with valid data
[INFO] 2025-07-31 13:57:46.557 [main] LoggerLoad - User send POST HTTP request with endpoint as AdminHTTP/1.1 200 OK
[INFO] 2025-07-31 13:57:46.972 [main] LoggerLoad - Response body:{
    "token": "eyJhbGciOiJIUzUxMiJ9.eyJzdWIiOiJUZWFtNDAxQGdtYWlsLmNvbSIsImlhdCI6MTc1Mzk4ODI2NiwiZXhwIjoxNzU0MDE3MDY2fQ.4QOUhTbwF_e0d2-J_R_Yr52Y9YSPl6twJSsJByMVEpalDTcNzKppS0miDGQYCUluIHLmeegXYsSqM9dU0T0Fjg",
    "type": "Bearer ",
    "userId": 12,
    "loginUserEmail": "Team401@gmail.com",
    "roles": [
        "ROLE_ADMIN"
    ]
}
[INFO] 2025-07-31 13:57:46.997 [main] LoggerLoad - Admin Token:eyJhbGciOiJIUzUxMiJ9.eyJzdWIiOiJUZWFtNDAxQGdtYWlsLmNvbSIsImlhdCI6MTc1Mzk4ODI2NiwiZXhwIjoxNzU0MDE3MDY2fQ.4QOUhTbwF_e0d2-J_R_Yr52Y9YSPl6twJSsJByMVEpalDTcNzKppS0miDGQYCUluIHLmeegXYsSqM9dU0T0Fjg
[INFO] 2025-07-31 14:01:30.050 [main] LoggerLoad - Check user able to login as admin with invalid email
[INFO] 2025-07-31 14:01:31.723 [main] LoggerLoad - User send POST HTTP request with endpointHTTP/1.1 401 Unauthorized
[INFO] 2025-07-31 14:01:31.741 [main] LoggerLoad - User receives 401 unauthorizedHTTP/1.1 401 Unauthorized
[INFO] 2025-07-31 14:01:31.780 [main] LoggerLoad - Check user able to login as admin with invalid email format
[INFO] 2025-07-31 14:01:32.413 [main] LoggerLoad - User send POST HTTP request with endpointHTTP/1.1 401 Unauthorized
[INFO] 2025-07-31 14:01:32.416 [main] LoggerLoad - User receives 401 unauthorizedHTTP/1.1 401 Unauthorized
[INFO] 2025-07-31 14:01:32.426 [main] LoggerLoad - Check user able to login as admin with invalid Password
[INFO] 2025-07-31 14:01:33.027 [main] LoggerLoad - User send POST HTTP request with endpointHTTP/1.1 401 Unauthorized
[INFO] 2025-07-31 14:01:33.029 [main] LoggerLoad - User receives 401 unauthorizedHTTP/1.1 401 Unauthorized
[INFO] 2025-07-31 14:01:33.035 [main] LoggerLoad - Check user able to login as admin with empty credentials
[INFO] 2025-07-31 14:01:33.535 [main] LoggerLoad - User send POST HTTP request with endpointHTTP/1.1 401 Unauthorized
[INFO] 2025-07-31 14:01:33.539 [main] LoggerLoad - User receives 401 unauthorizedHTTP/1.1 401 Unauthorized
[INFO] 2025-07-31 14:01:33.547 [main] LoggerLoad - Check user able to login as admin with valid data
[INFO] 2025-07-31 14:01:34.152 [main] LoggerLoad - User send POST HTTP request with endpoint as AdminHTTP/1.1 200 OK
[INFO] 2025-07-31 14:01:34.538 [main] LoggerLoad - Response body:{
    "token": "eyJhbGciOiJIUzUxMiJ9.eyJzdWIiOiJUZWFtNDAxQGdtYWlsLmNvbSIsImlhdCI6MTc1Mzk4ODQ5NCwiZXhwIjoxNzU0MDE3Mjk0fQ.yohNaGuMa8fKv8AjmaTGCxof2Ko867baNtpNxZ28-h2nyEiZfXqrVvuymfjrdyRaHkrcFtsIjJlBy2KVhGTEhg",
    "type": "Bearer ",
    "userId": 12,
    "loginUserEmail": "Team401@gmail.com",
    "roles": [
        "ROLE_ADMIN"
    ]
}
[INFO] 2025-07-31 14:01:34.562 [main] LoggerLoad - Admin Token:eyJhbGciOiJIUzUxMiJ9.eyJzdWIiOiJUZWFtNDAxQGdtYWlsLmNvbSIsImlhdCI6MTc1Mzk4ODQ5NCwiZXhwIjoxNzU0MDE3Mjk0fQ.yohNaGuMa8fKv8AjmaTGCxof2Ko867baNtpNxZ28-h2nyEiZfXqrVvuymfjrdyRaHkrcFtsIjJlBy2KVhGTEhg
